INFO 26 Nov 2019 19:05:46 - GetIconNames method is called...
INFO 26 Nov 2019 19:05:46 - GetCardElementGroups method is called...
INFO 26 Nov 2019 19:05:46 - GetActiveCards method is called...
INFO 26 Nov 2019 19:05:49 - GetActiveCarddetaillsById method is called...
INFO 26 Nov 2019 19:05:50 - GetCardElementData method is called...
INFO 26 Nov 2019 19:05:54 - GetActiveCarddetaillsById method is called...
INFO 26 Nov 2019 19:05:54 - GetCardElementData method is called...
INFO 26 Nov 2019 19:06:01 - GetActiveCarddetaillsById method is called...
INFO 26 Nov 2019 19:06:02 - GetCardElementData method is called...
INFO 26 Nov 2019 19:06:30 - InsertCardElementsData method is called...
INFO 26 Nov 2019 19:06:30 - InsertCardElementsData method is called...
INFO 26 Nov 2019 19:06:33 - GetIconNames method is called...
INFO 26 Nov 2019 19:06:33 - GetActiveCards method is called...
INFO 26 Nov 2019 19:06:33 - GetCardElementGroups method is called...
INFO 26 Nov 2019 19:06:35 - GetActiveCarddetaillsById method is called...
INFO 26 Nov 2019 19:06:35 - GetCardElementData method is called...
INFO 26 Nov 2019 19:06:47 - InsertCardElementsData method is called...
INFO 26 Nov 2019 19:06:47 - InsertCardElementsData method is called...
INFO 26 Nov 2019 19:07:18 - InsertCardElementsData method is called...
INFO 26 Nov 2019 19:07:18 - InsertCardElementsData method is called...
INFO 26 Nov 2019 19:07:21 - GetCardElementGroups method is called...
INFO 26 Nov 2019 19:07:21 - GetIconNames method is called...
INFO 26 Nov 2019 19:07:23 - GetActiveCarddetaillsById method is called...
INFO 26 Nov 2019 19:07:23 - GetCardElementData method is called...
INFO 26 Nov 2019 19:08:43 - InsertCardElementsData method is called...
INFO 26 Nov 2019 19:08:43 - InsertCardElementsData method is called...
INFO 26 Nov 2019 19:08:52 - GetCardElementGroups method is called...
INFO 26 Nov 2019 19:08:52 - GetIconNames method is called...
INFO 26 Nov 2019 19:08:52 - GetActiveCards method is called...
INFO 26 Nov 2019 19:08:53 - GetActiveCarddetaillsById method is called...
INFO 26 Nov 2019 19:08:53 - GetCardElementData method is called...
INFO 26 Nov 2019 19:09:04 - InsertCardElementsData method is called...
INFO 26 Nov 2019 19:09:04 - InsertCardElementsData method is called...
INFO 26 Nov 2019 19:09:14 - GetActiveCarddetaillsById method is called...
INFO 26 Nov 2019 19:09:14 - GetCardElementData method is called...
INFO 26 Nov 2019 19:09:16 - GetActiveCarddetaillsById method is called...
INFO 26 Nov 2019 19:09:16 - GetCardElementData method is called...
INFO 26 Nov 2019 19:09:58 - GetIconNames method is called...
INFO 26 Nov 2019 19:10:00 - GetActiveCarddetaillsById method is called...
INFO 26 Nov 2019 19:10:00 - GetCardElementData method is called...
INFO 26 Nov 2019 19:10:14 - InsertCardElementsData method is called...
INFO 26 Nov 2019 19:10:14 - InsertCardElementsData method is called...
INFO 26 Nov 2019 19:10:14 - InsertCardElementsData method is called...
INFO 26 Nov 2019 19:10:18 - GetActiveCards method is called...
INFO 26 Nov 2019 19:10:18 - GetIconNames method is called...
INFO 26 Nov 2019 19:10:19 - GetActiveCarddetaillsById method is called...
INFO 26 Nov 2019 19:10:19 - GetCardElementData method is called...
INFO 26 Nov 2019 19:17:05 - GetActiveCards method is called...
INFO 26 Nov 2019 19:17:05 - GetIconNames method is called...
INFO 26 Nov 2019 19:17:05 - GetCardElementGroups method is called...
INFO 26 Nov 2019 19:17:07 - GetActiveCards method is called...
INFO 26 Nov 2019 19:17:07 - GetIconNames method is called...
INFO 26 Nov 2019 19:17:07 - GetCardElementGroups method is called...
INFO 26 Nov 2019 19:17:09 - GetActiveCarddetaillsById method is called...
INFO 26 Nov 2019 19:17:09 - GetCardElementData method is called...
INFO 26 Nov 2019 19:17:11 - GetActiveCarddetaillsById method is called...
INFO 26 Nov 2019 19:17:11 - GetCardElementData method is called...
INFO 26 Nov 2019 19:17:14 - GetActiveCarddetaillsById method is called...
INFO 26 Nov 2019 19:17:14 - GetCardElementData method is called...
INFO 26 Nov 2019 19:28:11 - GetActiveCarddetaillsById method is called...
INFO 26 Nov 2019 19:28:11 - GetCardElementData method is called...
INFO 26 Nov 2019 19:28:34 - InsertCardElementsData method is called...
INFO 26 Nov 2019 19:28:34 - InsertCardElementsData method is called...
INFO 26 Nov 2019 19:28:34 - InsertCardElementsData method is called...
INFO 26 Nov 2019 19:28:36 - GetActiveCarddetaillsById method is called...
INFO 26 Nov 2019 19:28:36 - GetCardElementData method is called...
INFO 26 Nov 2019 19:28:37 - GetActiveCarddetaillsById method is called...
INFO 26 Nov 2019 19:28:37 - GetCardElementData method is called...
INFO 26 Nov 2019 19:32:39 - GetIconNames method is called...
INFO 26 Nov 2019 19:32:39 - GetActiveCards method is called...
INFO 26 Nov 2019 19:32:39 - GetCardElementGroups method is called...
INFO 26 Nov 2019 19:32:40 - GetActiveCarddetaillsById method is called...
INFO 26 Nov 2019 19:32:40 - GetCardElementData method is called...
INFO 26 Nov 2019 19:32:44 - DeleteCardElementData method is called...
INFO 26 Nov 2019 19:32:51 - GetCardElementGroups method is called...
INFO 26 Nov 2019 19:32:51 - GetIconNames method is called...
INFO 26 Nov 2019 19:32:52 - GetActiveCarddetaillsById method is called...
INFO 26 Nov 2019 19:32:52 - GetCardElementData method is called...
INFO 26 Nov 2019 19:32:56 - DeleteCardElementData method is called...
INFO 26 Nov 2019 19:52:36 - DeleteCardElementData method is called...
INFO 26 Nov 2019 19:53:23 - GetActiveCarddetaillsById method is called...
INFO 26 Nov 2019 19:53:23 - GetCardElementData method is called...
INFO 26 Nov 2019 19:54:07 - InsertCardElementsData method is called...
INFO 26 Nov 2019 19:54:09 - GetActiveCarddetaillsById method is called...
INFO 26 Nov 2019 19:54:09 - GetCardElementData method is called...
INFO 26 Nov 2019 19:54:11 - GetActiveCarddetaillsById method is called...
INFO 26 Nov 2019 19:54:11 - GetCardElementData method is called...
INFO 26 Nov 2019 19:54:22 - InsertCardElementsData method is called...
INFO 26 Nov 2019 19:54:37 - DeleteCardElementData method is called...
INFO 26 Nov 2019 19:56:18 - GetCardElementGroups method is called...
INFO 26 Nov 2019 19:56:18 - GetActiveCards method is called...
INFO 26 Nov 2019 19:56:18 - GetIconNames method is called...
INFO 26 Nov 2019 19:57:52 - GetCardElementGroups method is called...
INFO 26 Nov 2019 19:57:54 - GetActiveCarddetaillsById method is called...
INFO 26 Nov 2019 19:57:54 - GetCardElementData method is called...
INFO 26 Nov 2019 19:57:55 - GetActiveCarddetaillsById method is called...
INFO 26 Nov 2019 19:57:55 - GetCardElementData method is called...
INFO 26 Nov 2019 19:58:00 - DeleteCardElementData method is called...
INFO 26 Nov 2019 19:59:10 - GetCardElementGroups method is called...
INFO 26 Nov 2019 19:59:10 - GetIconNames method is called...
INFO 26 Nov 2019 19:59:13 - GetActiveCarddetaillsById method is called...
INFO 26 Nov 2019 19:59:13 - GetCardElementData method is called...
INFO 26 Nov 2019 19:59:19 - DeleteCardElementData method is called...
INFO 26 Nov 2019 19:59:47 - GetIconNames method is called...
INFO 26 Nov 2019 19:59:47 - GetActiveCards method is called...
INFO 26 Nov 2019 19:59:49 - GetActiveCarddetaillsById method is called...
INFO 26 Nov 2019 19:59:49 - GetCardElementData method is called...
INFO 26 Nov 2019 19:59:51 - GetActiveCarddetaillsById method is called...
INFO 26 Nov 2019 19:59:51 - GetCardElementData method is called...
INFO 26 Nov 2019 20:00:08 - GetIconNames method is called...
INFO 26 Nov 2019 20:00:12 - InsertCardElementsData method is called...
INFO 26 Nov 2019 20:00:14 - GetIconNames method is called...
INFO 26 Nov 2019 20:00:14 - GetActiveCards method is called...
INFO 26 Nov 2019 20:00:15 - GetActiveCarddetaillsById method is called...
INFO 26 Nov 2019 20:00:15 - GetCardElementData method is called...
INFO 26 Nov 2019 20:00:27 - InsertCardElementsData method is called...
INFO 26 Nov 2019 20:00:27 - InsertCardElementsData method is called...
INFO 26 Nov 2019 20:00:27 - InsertCardElementsData method is called...
INFO 26 Nov 2019 20:00:29 - GetActiveCards method is called...
INFO 26 Nov 2019 20:00:29 - GetIconNames method is called...
INFO 26 Nov 2019 20:00:29 - GetCardElementGroups method is called...
INFO 26 Nov 2019 20:00:30 - GetActiveCarddetaillsById method is called...
INFO 26 Nov 2019 20:00:30 - GetCardElementData method is called...
INFO 26 Nov 2019 20:01:32 - GetCardElementGroups method is called...
INFO 26 Nov 2019 20:01:32 - GetActiveCards method is called...
INFO 26 Nov 2019 20:01:32 - GetIconNames method is called...
INFO 26 Nov 2019 20:01:33 - GetActiveCarddetaillsById method is called...
INFO 26 Nov 2019 20:01:33 - GetCardElementData method is called...
